CoreGen has not been configured with any user repositories.
CoreGen has been configured with the following Xilinx repositories:
 - '/opt/Xilinx/13.1/ISE_DS/ISE/coregen/' []
INFO:sim:927 - Generating component instance 'dist_mem_64x8' of
   'xilinx.com:ip:dist_mem_gen:3.4' from
   '/opt/Xilinx/13.1/ISE_DS/ISE/coregen/ip/xilinx/primary/com/xilinx/ip/dist_mem
   _gen_v3_4/dist_mem_gen_v3_4.xcd'.
Applying current project options...
Finished applying current project options.
Customizing IP...
Release 13.1 - Xilinx CORE Generator IP GUI Launcher O.40d (lin64)
Copyright (c) 1995-2011 Xilinx, Inc.  All rights reserved.
Initializing IP model...
Finished initializing IP model.
ERROR:sim - Unable to find .\definition2_ipv4_lut_ferrari.coe
   Coregen is looking for
   /home/kimei/VHDL/trigger/Trigger/HW/HDL/UDP/UDP_mr/.\definition2_ipv4_lut_fer
   rari.coe
ERROR:sim - Unable to find .\definition2_ipv4_lut_ferrari.coe
   Coregen is looking for
   /home/kimei/VHDL/trigger/Trigger/HW/HDL/UDP/UDP_mr/.\definition2_ipv4_lut_fer
   rari.coe
ERROR:sim:781 - An invalid core configuration has been detected during
   Customization. Core parameters will be reset to their default values.
WARNING:sim:192 - Xco Parameter changed from
   (coefficient_file,.\definition2_ipv4_lut_ferrari.coe) to
   (coefficient_file,no_coe_file_loaded) during Recustomization.
WARNING:sim:192 - Xco Parameter changed from (data_width,8) to (data_width,16)
   during Recustomization.
WARNING:sim:192 - Xco Parameter changed from (output_options,registered) to
   (output_options,non_registered) during Recustomization.
WARNING:sim:192 - Xco Parameter changed from (component_name,dist_mem_64x8) to
   (component_name,dist_mem_gen_v3_4) during Recustomization.
Cancelled Customization.
Wrote file for project
'/home/kimei/VHDL/trigger/Trigger/HW/HDL/UDP/UDP_mr/dist_mem_64x8.cgp'.
