Release 13.1 Map O.40d (nt)
Xilinx Mapping Report File for Design 'top'

Design Information
------------------
Command Line   : map -intstyle ise -p xc5vfx30t-ff665-1 -w -logic_opt off -ol
high -t 1 -register_duplication off -global_opt off -mt off -cm area -ir off -pr
off -lc off -power off -o top_map.ncd top.ngd top.pcf 
Target Device  : xc5vfx30t
Target Package : ff665
Target Speed   : -1
Mapper Version : virtex5 -- $Revision: 1.55 $
Mapped Date    : Thu Apr 07 12:26:23 2011

Design Summary
--------------
Number of errors:      0
Number of warnings:    2
Slice Logic Utilization:
  Number of Slice Registers:                    86 out of  20,480    1%
    Number used as Flip Flops:                  86
  Number of Slice LUTs:                        137 out of  20,480    1%
    Number used as logic:                      135 out of  20,480    1%
      Number using O6 output only:             106
      Number using O5 output only:              26
      Number using O5 and O6:                    3
    Number used as exclusive route-thru:         2
  Number of route-thrus:                        28
    Number using O6 output only:                28

Slice Logic Distribution:
  Number of occupied Slices:                    55 out of   5,120    1%
  Number of LUT Flip Flop pairs used:          152
    Number with an unused Flip Flop:            66 out of     152   43%
    Number with an unused LUT:                  15 out of     152    9%
    Number of fully used LUT-FF pairs:          71 out of     152   46%
    Number of unique control sets:               9
    Number of slice register sites lost
      to control set restrictions:              18 out of  20,480    1%

  A LUT Flip Flop pair for this architecture represents one LUT paired with
  one Flip Flop within a slice.  A control set is a unique combination of
  clock, reset, set, and enable signals for a registered element.
  The Slice Logic Distribution report is not meaningful if the design is
  over-mapped for a non-slice resource or if Placement fails.
  OVERMAPPING of BRAM resources should be ignored if the design is
  over-mapped for a non-BRAM resource or if placement fails.

IO Utilization:
  Number of bonded IOBs:                        28 out of     360    7%
    Number of LOCed IOBs:                       28 out of      28  100%
    IOB Flip Flops:                              1
    IOB Master Pads:                             5
    IOB Slave Pads:                              5

Specific Feature Utilization:
  Number of BUFG/BUFGCTRLs:                      3 out of      32    9%
    Number used as BUFGs:                        3
  Number of PLL_ADVs:                            1 out of       2   50%

Average Fanout of Non-Clock Nets:                3.62

Peak Memory Usage:  305 MB
Total REAL time to MAP completion:  31 secs 
Total CPU time to MAP completion:   23 secs 

Table of Contents
-----------------
Section 1 - Errors
Section 2 - Warnings
Section 3 - Informational
Section 4 - Removed Logic Summary
Section 5 - Removed Logic
Section 6 - IOB Properties
Section 7 - RPMs
Section 8 - Guide Report
Section 9 - Area Group and Partition Summary
Section 10 - Timing Report
Section 11 - Configuration String Information
Section 12 - Control Set Information
Section 13 - Utilization by Hierarchy

Section 1 - Errors
------------------

Section 2 - Warnings
--------------------
WARNING:PhysDesignRules:367 - The signal <BUTTONS<1>_IBUF> is incomplete. The
   signal does not drive any load pins in the design.
WARNING:PhysDesignRules:367 - The signal <BUTTONS<2>_IBUF> is incomplete. The
   signal does not drive any load pins in the design.

Section 3 - Informational
-------------------------
INFO:LIT:243 - Logical network TRIGGER_BUTTON has no load.
INFO:LIT:395 - The above info message is repeated 3 more times for the following
   (max. 5 shown):
   rx,
   BUTTONS<2>_IBUF,
   BUTTONS<1>_IBUF
   To see the details of these info messages, please use the -detail switch.
INFO:MapLib:562 - No environment variables are currently set.
INFO:MapLib:856 - PLL_ADV Inst_CRU/Inst_PLL_ALL/PLL_ADV_INST CLKIN2 pin was
   disconnected because a constant 1 is driving the CLKINSEL pin.
INFO:MapLib:841 - Changing COMPENSATION attribute from SYSTEM_SYNCHRONOUS to
   INTERNAL for PLL_ADV Inst_CRU/Inst_PLL_ALL/PLL_ADV_INST.
INFO:LIT:244 - All of the single ended outputs in this design are using slew
   rate limited output drivers. The delay on speed critical single ended outputs
   can be dramatically reduced by designating them as fast outputs.
INFO:Pack:1716 - Initializing temperature to 85.000 Celsius. (default - Range:
   0.000 to 85.000 Celsius)
INFO:Pack:1720 - Initializing voltage to 0.950 Volts. (default - Range: 0.950 to
   1.050 Volts)
INFO:Map:215 - The Interim Design Summary has been generated in the MAP Report
   (.mrp).
INFO:Pack:1650 - Map created a placed design.

Section 4 - Removed Logic Summary
---------------------------------
   2 block(s) optimized away

Section 5 - Removed Logic
-------------------------

Optimized Block(s):
TYPE 		BLOCK
GND 		XST_GND
VCC 		XST_VCC

To enable printing of redundant blocks removed and signals merged, set the
detailed map report option and rerun map.

Section 6 - IOB Properties
--------------------------

+---------------------------------------------------------------------------------------------------------------------------------------------------------+
| IOB Name                           | Type             | Direction | IO Standard          | Diff  | Drive    | Slew | Reg (s)      | Resistor | IOB      |
|                                    |                  |           |                      | Term  | Strength | Rate |              |          | Delay    |
+---------------------------------------------------------------------------------------------------------------------------------------------------------+
| BUTTONS<0>                         | IOB              | INPUT     | LVCMOS25             |       |          |      |              |          |          |
| BUTTONS<1>                         | IOB              | INPUT     | LVCMOS25             |       |          |      |              |          |          |
| BUTTONS<2>                         | IOB              | INPUT     | LVCMOS25             |       |          |      |              |          |          |
| BUTTONS<3>                         | IOB              | INPUT     | LVCMOS25             |       |          |      |              |          |          |
| FPGA100M                           | IOB              | INPUT     | LVCMOS25             |       |          |      |              |          |          |
| LEDS<0>                            | IOB              | OUTPUT    | LVCMOS25             |       | 12       | SLOW |              |          |          |
| LEDS<1>                            | IOB              | OUTPUT    | LVCMOS25             |       | 12       | SLOW |              |          |          |
| LEDS<2>                            | IOB              | OUTPUT    | LVCMOS25             |       | 12       | SLOW |              |          |          |
| LEDS<3>                            | IOB              | OUTPUT    | LVCMOS25             |       | 12       | SLOW |              |          |          |
| LEDS<4>                            | IOB              | OUTPUT    | LVCMOS25             |       | 12       | SLOW |              |          |          |
| LEDS<5>                            | IOB              | OUTPUT    | LVCMOS25             |       | 12       | SLOW |              |          |          |
| LEDS<6>                            | IOB              | OUTPUT    | LVCMOS25             |       | 12       | SLOW |              |          |          |
| LEDS<7>                            | IOB              | OUTPUT    | LVCMOS25             |       | 12       | SLOW |              |          |          |
| MCLK100                            | IOBM             | OUTPUT    | LVDS_25              |       |          |      | ODDR         |          |          |
| MCLK100_b                          | IOBS             | OUTPUT    | LVDS_25              |       |          |      |              |          |          |
| RESET_ROC_B1                       | IOBM             | OUTPUT    | LVDS_25              |       |          |      |              |          |          |
| RESET_ROC_B2                       | IOBM             | OUTPUT    | LVDS_25              |       |          |      |              |          |          |
| RESET_ROC_B1_b                     | IOBS             | OUTPUT    | LVDS_25              |       |          |      |              |          |          |
| RESET_ROC_B2_b                     | IOBS             | OUTPUT    | LVDS_25              |       |          |      |              |          |          |
| SYNC_TRIGGER_IN<0>                 | IOB              | INPUT     | LVDS_25              | FALSE |          |      |              |          |          |
| SYNC_TRIGGER_IN<1>                 | IOB              | INPUT     | LVDS_25              | FALSE |          |      |              |          |          |
| SYNC_TRIGGER_IN_b<0>               | IOB              | INPUT     | LVDS_25              | FALSE |          |      |              |          |          |
| SYNC_TRIGGER_IN_b<1>               | IOB              | INPUT     | LVDS_25              | FALSE |          |      |              |          |          |
| SYNC_TRIGGER_OUT<0>                | IOBM             | OUTPUT    | LVDS_25              |       |          |      |              |          |          |
| SYNC_TRIGGER_OUT<1>                | IOBM             | OUTPUT    | LVDS_25              |       |          |      |              |          |          |
| SYNC_TRIGGER_OUT_b<0>              | IOBS             | OUTPUT    | LVDS_25              |       |          |      |              |          |          |
| SYNC_TRIGGER_OUT_b<1>              | IOBS             | OUTPUT    | LVDS_25              |       |          |      |              |          |          |
| tx                                 | IOB              | OUTPUT    | LVCMOS25             |       | 12       | SLOW |              |          |          |
+---------------------------------------------------------------------------------------------------------------------------------------------------------+

Section 7 - RPMs
----------------

Section 8 - Guide Report
------------------------
Guide not run on this design.

Section 9 - Area Group and Partition Summary
--------------------------------------------

Partition Implementation Status
-------------------------------

  No Partitions were found in this design.

-------------------------------

Area Group Information
----------------------

  No area groups were found in this design.

----------------------

Section 10 - Timing Report
--------------------------
A logic-level (pre-route) timing report can be generated by using Xilinx static
timing analysis tools, Timing Analyzer (GUI) or TRCE (command line), with the
mapped NCD and PCF files. Please note that this timing report will be generated
using estimated delay information. For accurate numbers, please generate a
timing report with the post Place and Route NCD file.

For more information about the Timing Analyzer, consult the Xilinx Timing
Analyzer Reference Manual; for more information about TRCE, consult the Xilinx
Command Line Tools User Guide "TRACE" chapter.

Section 11 - Configuration String Details
-----------------------------------------
Use the "-detail" map option to print out Configuration Strings

Section 12 - Control Set Information
------------------------------------
Use the "-detail" map option to print out Control Set Information.

Section 13 - Utilization by Hierarchy
-------------------------------------
Use the "-detail" map option to print out the Utilization by Hierarchy section.
