Number of Timing Constraints that were not applied: 3

Asterisk (*) preceding a constraint indicates it was not met.
   This may be due to a setup or hold violation.

------------------------------------------------------------------------------------------------------
  Constraint                                |  Check  | Worst Case |  Best Case | Timing |   Timing   
                                            |         |    Slack   | Achievable | Errors |    Score   
------------------------------------------------------------------------------------------------------
* TS_v5_emac_v1_5_gtp_clk = PERIOD TIMEGRP  | SETUP   |     0.017ns|     7.683ns|       0|           0
  "v5_emac_v1_5_gtp_clk" 7.7 ns HIGH        | HOLD    |    -0.386ns|            |       7|        2167
    50%                                     |         |            |            |        |            
------------------------------------------------------------------------------------------------------
  TS_fe_TEMAC_clk_phy_rx0 = PERIOD TIMEGRP  | SETUP   |     0.810ns|     6.690ns|       0|           0
  "fe_TEMAC_clk_phy_rx0" 7.5 ns HIGH        | HOLD    |     3.484ns|            |       0|           0
    50%                                     |         |            |            |        |            
------------------------------------------------------------------------------------------------------
  ts_tx_meta_protect_0 = MAXDELAY FROM TIME | SETUP   |     0.835ns|     4.165ns|       0|           0
  GRP "tx_metastable_0" 5 ns         DATAPA | HOLD    |     0.640ns|            |       0|           0
  THONLY                                    |         |            |            |        |            
------------------------------------------------------------------------------------------------------
  TS_v5_emac_v1_5_clk_phy_rx0 = PERIOD TIME | N/A     |         N/A|         N/A|     N/A|         N/A
  GRP "v5_emac_v1_5_clk_phy_rx0" 7.5 ns     |         |            |            |        |            
       HIGH 50%                             |         |            |            |        |            
------------------------------------------------------------------------------------------------------
  TS_fe_TEMAC_tx_clk0 = PERIOD TIMEGRP "fe_ | N/A     |         N/A|         N/A|     N/A|         N/A
  TEMAC_tx_clk0" 7.7 ns HIGH 50%            |         |            |            |        |            
------------------------------------------------------------------------------------------------------
  TS_fe_TEMAC_gtx_clk0 = PERIOD TIMEGRP "fe | N/A     |         N/A|         N/A|     N/A|         N/A
  _TEMAC_gtx_clk0" 8 ns HIGH 50%            |         |            |            |        |            
------------------------------------------------------------------------------------------------------


1 constraint not met.
INFO:Timing:2761 - N/A entries in the Constraints list may indicate that the 
   constraint does not cover any paths or that it has no requested value.


