M:\pc\Desktop\fxt_evaluation_git_linux_edk10_1_3\v5fx30t_linux_platform\implementation\system.ngc 1302514539
M:/pc/Desktop/fxt_evaluation_git_linux_edk10_1_3/v5fx30t_linux_platform/implementation/ppc440_0_wrapper.ngc 1302514450
M:/pc/Desktop/fxt_evaluation_git_linux_edk10_1_3/v5fx30t_linux_platform/implementation/plb_v46_0_wrapper.ngc 1302514450
M:/pc/Desktop/fxt_evaluation_git_linux_edk10_1_3/v5fx30t_linux_platform/implementation/ddr2_sdram_16mx32_wrapper.ngc 1302514450
M:/pc/Desktop/fxt_evaluation_git_linux_edk10_1_3/v5fx30t_linux_platform/implementation/xps_bram_if_cntlr_1_wrapper.ngc 1302514450
M:/pc/Desktop/fxt_evaluation_git_linux_edk10_1_3/v5fx30t_linux_platform/implementation/xps_bram_if_cntlr_1_bram_wrapper.ngc 1302514450
M:/pc/Desktop/fxt_evaluation_git_linux_edk10_1_3/v5fx30t_linux_platform/implementation/rs232_wrapper.ngc 1302514450
M:/pc/Desktop/fxt_evaluation_git_linux_edk10_1_3/v5fx30t_linux_platform/implementation/leds_8bit_wrapper.ngc 1302514450
M:/pc/Desktop/fxt_evaluation_git_linux_edk10_1_3/v5fx30t_linux_platform/implementation/dip_switches_8bit_wrapper.ngc 1302514451
M:/pc/Desktop/fxt_evaluation_git_linux_edk10_1_3/v5fx30t_linux_platform/implementation/push_buttons_3bit_wrapper.ngc 1302514451
M:/pc/Desktop/fxt_evaluation_git_linux_edk10_1_3/v5fx30t_linux_platform/implementation/flash_8mx16_wrapper.ngc 1302514451
M:/pc/Desktop/fxt_evaluation_git_linux_edk10_1_3/v5fx30t_linux_platform/implementation/hard_ethernet_mac_wrapper.ngc 1302514451
M:/pc/Desktop/fxt_evaluation_git_linux_edk10_1_3/v5fx30t_linux_platform/implementation/xps_timer_1_wrapper.ngc 1302514451
M:/pc/Desktop/fxt_evaluation_git_linux_edk10_1_3/v5fx30t_linux_platform/implementation/xps_timebase_wdt_1_wrapper.ngc 1302514451
M:/pc/Desktop/fxt_evaluation_git_linux_edk10_1_3/v5fx30t_linux_platform/implementation/flash_8mx16_util_bus_split_0_wrapper.ngc 1302514451
M:/pc/Desktop/fxt_evaluation_git_linux_edk10_1_3/v5fx30t_linux_platform/implementation/jtagppc_cntlr_0_wrapper.ngc 1302514451
M:/pc/Desktop/fxt_evaluation_git_linux_edk10_1_3/v5fx30t_linux_platform/implementation/proc_sys_reset_0_wrapper.ngc 1302514451
M:/pc/Desktop/fxt_evaluation_git_linux_edk10_1_3/v5fx30t_linux_platform/implementation/xps_intc_0_wrapper.ngc 1302514451
M:/pc/Desktop/fxt_evaluation_git_linux_edk10_1_3/v5fx30t_linux_platform/implementation/input_bufg_0_wrapper.ngc 1302514451
M:/pc/Desktop/fxt_evaluation_git_linux_edk10_1_3/v5fx30t_linux_platform/implementation/pll_module_0_wrapper.ngc 1302514471
OK
